<?xml version="1.0" encoding="UTF-8"?>
<testng-results skipped="0" failed="0" ignored="0" total="2" passed="2">
  <reporter-output>
  </reporter-output>
  <suite name="Default suite" duration-ms="15770" started-at="2018-09-07T07:42:26Z" finished-at="2018-09-07T07:42:42Z">
    <groups>
    </groups>
    <test name="Default test" duration-ms="15770" started-at="2018-09-07T07:42:26Z" finished-at="2018-09-07T07:42:42Z">
      <class name="loginLayer.testCase.login">
        <test-method status="PASS" signature="getLogHome()[pri:0, instance:loginLayer.testCase.login@e15b7e8]" name="getLogHome" duration-ms="15341" started-at="2018-09-07T07:42:26Z" finished-at="2018-09-07T07:42:41Z">
          <reporter-output>
          </reporter-output>
        </test-method> <!-- getLogHome -->
        <test-method status="PASS" signature="testLogin()[pri:0, instance:loginLayer.testCase.login@e15b7e8]" name="testLogin" duration-ms="405" started-at="2018-09-07T07:42:41Z" depends-on-methods="loginLayer.testCase.login.getLogHome" finished-at="2018-09-07T07:42:42Z">
          <reporter-output>
          </reporter-output>
        </test-method> <!-- testLogin -->
      </class> <!-- loginLayer.testCase.login -->
    </test> <!-- Default test -->
  </suite> <!-- Default suite -->
</testng-results>
